#
# A fatal error has been detected by the Java Runtime Environment:
#
#  EXCEPTION_ACCESS_VIOLATION (0xc0000005) at pc=0x6d98701d, pid=2536, tid=440
#
# JRE version: 6.0_16-b01
# Java VM: Java HotSpot(TM) Client VM (14.2-b01 mixed mode windows-x86 )
# Problematic frame:
# V  [jvm.dll+0x18701d]
#
# If you would like to submit a bug report, please visit:
#   http://java.sun.com/webapps/bugreport/crash.jsp
#

---------------  T H R E A D  ---------------

Current thread (0x003ddc00):  GCTaskThread [stack: 0x20660000,0x206b0000] [id=440]

siginfo: ExceptionCode=0xc0000005, reading address 0xa8000000

Registers:
EAX=0x00000440, EBX=0xa8000000, ECX=0x000011ff, EDX=0x1e8effc1
ESP=0x206afe0c, EBP=0x206afe30, ESI=0x1e8effc1, EDI=0x20722760
EIP=0x6d98701d, EFLAGS=0x00010286

Top of Stack: (sp=0x206afe0c)
0x206afe0c:   207227b8 0cb38740 0cb38740 0cb38753
0x206afe1c:   00000001 a8000000 20722760 00000440
0x206afe2c:   006afe4c 206afe48 6d9873c6 1e8effc1
0x206afe3c:   0cb38701 207227b8 20722760 206afe80
0x206afe4c:   6d987abb 20722760 0cb38701 204bf144
0x206afe5c:   088b8810 00000001 204bf144 088b87f8
0x206afe6c:   00000001 02c57828 02c57828 088b8800
0x206afe7c:   206afebc 206afebc 6d860d22 00000000 

Instructions: (pc=0x6d98701d)
0x6d98700d:   ff 8a cb f6 d1 f6 c1 01 89 45 f8 74 07 83 e3 fd
0x6d98701d:   8b 13 eb 02 8b d3 8b 0d 04 2e a5 6d c1 ea 03 83 


Stack: [0x20660000,0x206b0000],  sp=0x206afe0c,  free space=319k
Native frames: (J=compiled Java code, j=interpreted, Vv=VM code, C=native code)
V  [jvm.dll+0x18701d]
V  [jvm.dll+0x1873c6]
V  [jvm.dll+0x187abb]
V  [jvm.dll+0x60d22]
V  [jvm.dll+0x1890b7]
V  [jvm.dll+0xc5bec]
V  [jvm.dll+0x173e5c]
C  [MSVCR71.dll+0x9565]
C  [kernel32.dll+0xb729]


---------------  P R O C E S S  ---------------

Java Threads: ( => current thread )
  0x207ac000 JavaThread "Timer-6" daemon [_thread_blocked, id=2056, stack(0x23720000,0x237b0000)]
  0x2201a800 JavaThread "Timer-5" daemon [_thread_blocked, id=3680, stack(0x23600000,0x23690000)]
  0x20cb9400 JavaThread "OxygenSingletonChecker-Thread" [_thread_in_native, id=1456, stack(0x22ae0000,0x22b70000)]
  0x21f7f800 JavaThread "Timer-4" daemon [_thread_blocked, id=2288, stack(0x22a50000,0x22ae0000)]
  0x21418400 JavaThread "Timer-3" [_thread_blocked, id=3748, stack(0x229c0000,0x22a50000)]
  0x21f19400 JavaThread "AutomaticallyValidation" daemon [_thread_blocked, id=3044, stack(0x22930000,0x229c0000)]
  0x22063400 JavaThread "Autosave" daemon [_thread_blocked, id=132, stack(0x228a0000,0x22930000)]
  0x21f17800 JavaThread "Timer-2" daemon [_thread_blocked, id=3832, stack(0x22810000,0x228a0000)]
  0x21f0c800 JavaThread "Timer-1" daemon [_thread_blocked, id=2148, stack(0x22780000,0x22810000)]
  0x214f2400 JavaThread "Timer-0" daemon [_thread_blocked, id=2876, stack(0x226f0000,0x22780000)]
  0x2143d800 JavaThread "TimerQueue" daemon [_thread_blocked, id=4024, stack(0x21e60000,0x21ef0000)]
  0x20bd8400 JavaThread "Opened editors lock manager" [_thread_blocked, id=3940, stack(0x21d40000,0x21dd0000)]
  0x21575800 JavaThread "AutomaticallyValidation" daemon [_thread_blocked, id=1236, stack(0x21cb0000,0x21d40000)]
  0x2138c400 JavaThread "Autosave" daemon [_thread_blocked, id=1032, stack(0x21c20000,0x21cb0000)]
  0x213cf400 JavaThread "AWT-EventQueue-0" [_thread_blocked, id=2940, stack(0x21620000,0x216b0000)]
  0x21430400 JavaThread "AWT-Shutdown" [_thread_blocked, id=4072, stack(0x21140000,0x211d0000)]
  0x20c57000 JavaThread "AWT-Windows" daemon [_thread_blocked, id=2116, stack(0x20ef0000,0x20f80000)]
  0x20c61c00 JavaThread "Java2D Disposer" daemon [_thread_blocked, id=3660, stack(0x20dd0000,0x20e60000)]
  0x20774400 JavaThread "Low Memory Detector" daemon [_thread_blocked, id=1828, stack(0x20ae0000,0x20b70000)]
  0x2076e000 JavaThread "CompilerThread0" daemon [_thread_blocked, id=1996, stack(0x20a90000,0x20ae0000)]
  0x2076c800 JavaThread "Attach Listener" daemon [_thread_blocked, id=1892, stack(0x20a00000,0x20a90000)]
  0x2076b400 JavaThread "Signal Dispatcher" daemon [_thread_blocked, id=2908, stack(0x20970000,0x20a00000)]
  0x2075b400 JavaThread "Finalizer" daemon [_thread_blocked, id=1152, stack(0x208e0000,0x20970000)]
  0x20756800 JavaThread "Reference Handler" daemon [_thread_blocked, id=1444, stack(0x20850000,0x208e0000)]
  0x003d7000 JavaThread "main" [_thread_blocked, id=2160, stack(0x00030000,0x00080000)]

Other Threads:
  0x20753800 VMThread [stack: 0x20800000,0x20850000] [id=2408]
  0x20776800 WatcherThread [stack: 0x20b70000,0x20bc0000] [id=3596]

=>0x003ddc00 (exited) GCTaskThread [stack: 0x20660000,0x206b0000] [id=440]

VM state:at safepoint (normal execution)

VM Mutex/Monitor currently owned by a thread:  ([mutex/lock_event])
[0x003d5f18] Threads_lock - owner thread: 0x20753800
[0x003d6328] Heap_lock - owner thread: 0x213cf400

Heap
 PSYoungGen      total 30336K, used 29717K [0x1e510000, 0x20480000, 0x20490000)
  eden space 28608K, 100% used [0x1e510000,0x20100000,0x20100000)
  from space 1728K, 64% used [0x202d0000,0x203e5540,0x20480000)
  to   space 1792K, 99% used [0x20100000,0x202be990,0x202c0000)
 PSOldGen        total 114432K, used 99809K [0x06a90000, 0x0da50000, 0x1e510000)
  object space 114432K, 87% used [0x06a90000,0x0cc08490,0x0da50000)
 PSPermGen       total 52736K, used 38505K [0x02a90000, 0x05e10000, 0x06a90000)
  object space 52736K, 73% used [0x02a90000,0x0502a4d8,0x05e10000)

Dynamic libraries:
0x00400000 - 0x00455000 	C:\Program Files\Oxygen XML Editor 11\oxygen.exe
0x7c900000 - 0x7c9b2000 	C:\WINDOWS\system32\ntdll.dll
0x7c800000 - 0x7c8f6000 	C:\WINDOWS\system32\kernel32.dll
0x77dd0000 - 0x77e6b000 	C:\WINDOWS\system32\ADVAPI32.DLL
0x77e70000 - 0x77f03000 	C:\WINDOWS\system32\RPCRT4.dll
0x77fe0000 - 0x77ff1000 	C:\WINDOWS\system32\Secur32.dll
0x773d0000 - 0x774d3000 	C:\WINDOWS\WinSxS\X86_Microsoft.Windows.Common-Controls_6595b64144ccf1df_6.0.2600.6028_x-ww_61e65202\COMCTL32.DLL
0x77c10000 - 0x77c68000 	C:\WINDOWS\system32\msvcrt.dll
0x77f10000 - 0x77f59000 	C:\WINDOWS\system32\GDI32.dll
0x7e410000 - 0x7e4a1000 	C:\WINDOWS\system32\USER32.dll
0x77f60000 - 0x77fd6000 	C:\WINDOWS\system32\SHLWAPI.dll
0x7c9c0000 - 0x7d1d7000 	C:\WINDOWS\system32\SHELL32.DLL
0x76390000 - 0x763ad000 	C:\WINDOWS\system32\IMM32.DLL
0x629c0000 - 0x629c9000 	C:\WINDOWS\system32\LPK.DLL
0x74d90000 - 0x74dfb000 	C:\WINDOWS\system32\USP10.dll
0x6d800000 - 0x6da8b000 	c:\program files\oxygen xml editor 11\jre\bin\client\jvm.dll
0x76b40000 - 0x76b6d000 	C:\WINDOWS\system32\WINMM.dll
0x7c340000 - 0x7c396000 	C:\WINDOWS\system32\MSVCR71.dll
0x6d7b0000 - 0x6d7bc000 	c:\program files\oxygen xml editor 11\jre\bin\verify.dll
0x6d330000 - 0x6d34f000 	c:\program files\oxygen xml editor 11\jre\bin\java.dll
0x6d290000 - 0x6d298000 	c:\program files\oxygen xml editor 11\jre\bin\hpi.dll
0x76bf0000 - 0x76bfb000 	C:\WINDOWS\system32\PSAPI.DLL
0x6d7f0000 - 0x6d7ff000 	c:\program files\oxygen xml editor 11\jre\bin\zip.dll
0x6d000000 - 0x6d14a000 	C:\Program Files\Oxygen XML Editor 11\jre\bin\awt.dll
0x73000000 - 0x73026000 	C:\WINDOWS\system32\WINSPOOL.DRV
0x774e0000 - 0x7761e000 	C:\WINDOWS\system32\ole32.dll
0x20f80000 - 0x20fb2000 	C:\Program Files\Insight\Macro Express3\mexhook.dll
0x77120000 - 0x771ab000 	C:\WINDOWS\system32\oleaut32.dll
0x74720000 - 0x7476c000 	C:\WINDOWS\system32\MSCTF.dll
0x755c0000 - 0x755ee000 	C:\WINDOWS\system32\msctfime.ime
0x6d610000 - 0x6d623000 	C:\Program Files\Oxygen XML Editor 11\jre\bin\net.dll
0x71ab0000 - 0x71ac7000 	C:\WINDOWS\system32\WS2_32.dll
0x71aa0000 - 0x71aa8000 	C:\WINDOWS\system32\WS2HELP.dll
0x6d230000 - 0x6d284000 	C:\Program Files\Oxygen XML Editor 11\jre\bin\fontmanager.dll
0x71a50000 - 0x71a8f000 	C:\WINDOWS\System32\mswsock.dll
0x76f20000 - 0x76f47000 	C:\WINDOWS\system32\DNSAPI.dll
0x76d60000 - 0x76d79000 	C:\WINDOWS\system32\iphlpapi.dll
0x76fb0000 - 0x76fb8000 	C:\WINDOWS\System32\winrnr.dll
0x76f60000 - 0x76f8c000 	C:\WINDOWS\system32\WLDAP32.dll
0x76fc0000 - 0x76fc6000 	C:\WINDOWS\system32\rasadhlp.dll
0x662b0000 - 0x66308000 	C:\WINDOWS\system32\hnetcfg.dll
0x71a90000 - 0x71a98000 	C:\WINDOWS\System32\wshtcpip.dll
0x68000000 - 0x68036000 	C:\WINDOWS\system32\rsaenh.dll
0x769c0000 - 0x76a74000 	C:\WINDOWS\system32\USERENV.dll
0x5b860000 - 0x5b8b5000 	C:\WINDOWS\system32\netapi32.dll
0x6d450000 - 0x6d474000 	C:\Program Files\Oxygen XML Editor 11\jre\bin\jpeg.dll
0x6d630000 - 0x6d639000 	C:\Program Files\Oxygen XML Editor 11\jre\bin\nio.dll
0x605d0000 - 0x605d9000 	C:\WINDOWS\system32\mslbui.dll
0x6d1a0000 - 0x6d1c3000 	C:\Program Files\Oxygen XML Editor 11\jre\bin\dcpr.dll
0x21be0000 - 0x21bf5000 	C:\Program Files\Oxygen XML Editor 11\lib\WinFileChooserNativeHelper32.dll
0x763b0000 - 0x763f9000 	C:\WINDOWS\system32\COMDLG32.dll
0x5ad70000 - 0x5ada8000 	C:\WINDOWS\system32\UxTheme.dll
0x77b40000 - 0x77b62000 	C:\WINDOWS\system32\appHelp.dll
0x76fd0000 - 0x7704f000 	C:\WINDOWS\system32\CLBCATQ.DLL
0x77050000 - 0x77115000 	C:\WINDOWS\system32\COMRes.dll
0x77c00000 - 0x77c08000 	C:\WINDOWS\system32\VERSION.dll
0x77a20000 - 0x77a74000 	C:\WINDOWS\System32\cscui.dll
0x76600000 - 0x7661d000 	C:\WINDOWS\System32\CSCDLL.dll
0x77920000 - 0x77a13000 	C:\WINDOWS\system32\SETUPAPI.dll
0x76990000 - 0x769b5000 	C:\WINDOWS\system32\ntshrui.dll
0x76b20000 - 0x76b31000 	C:\WINDOWS\system32\ATL.DLL
0x71b20000 - 0x71b32000 	C:\WINDOWS\system32\MPR.dll
0x71c10000 - 0x71c1e000 	C:\WINDOWS\System32\ntlanman.dll
0x71cd0000 - 0x71ce7000 	C:\WINDOWS\System32\NETUI0.dll
0x71c90000 - 0x71cd0000 	C:\WINDOWS\System32\NETUI1.dll
0x71c80000 - 0x71c87000 	C:\WINDOWS\System32\NETRAP.dll
0x71bf0000 - 0x71c03000 	C:\WINDOWS\System32\SAMLIB.dll
0x22f50000 - 0x23215000 	C:\WINDOWS\system32\xpsp2res.dll
0x77a80000 - 0x77b15000 	C:\WINDOWS\system32\CRYPT32.dll
0x77b20000 - 0x77b32000 	C:\WINDOWS\system32\MSASN1.dll
0x76c30000 - 0x76c5e000 	C:\WINDOWS\system32\WINTRUST.dll
0x76c90000 - 0x76cb8000 	C:\WINDOWS\system32\IMAGEHLP.dll
0x235b0000 - 0x235f1000 	C:\WINDOWS\system32\PortableDeviceApi.dll
0x73ba0000 - 0x73bb3000 	C:\WINDOWS\system32\sti.dll
0x74ae0000 - 0x74ae7000 	C:\WINDOWS\system32\CFGMGR32.dll
0x75f60000 - 0x75f67000 	C:\WINDOWS\System32\drprov.dll
0x75f70000 - 0x75f7a000 	C:\WINDOWS\System32\davclnt.dll

VM Arguments:
jvm_args: -Dexe4j.semaphoreName=c:_program files_oxygen xml editor 11_oxygen.exe0 -Dexe4j.isInstall4j=true -Dexe4j.moduleName=C:\Program Files\Oxygen XML Editor 11\oxygen.exe -Dexe4j.tempDir= -Dexe4j.unextractedPosition=0 -Dexe4j.consoleCodepage=cp0 -Dcom.oxygenxml.tree.readonly=false -Dsun.java2d.noddraw=true -Xss550k -XX:SoftRefLRUPolicyMSPerMB=10 -Xmx409m -Dcom.oxygenxml.language=English -XX:+UseParallelGC 
java_command: <unknown>
Launcher Type: generic

Environment Variables:
CLASSPATH=.;C:\Program Files\Java\jre6\lib\ext\QTJava.zip
PATH=C:\WINDOWS\system32;C:\WINDOWS;C:\WINDOWS\System32\Wbem;c:\ORACLE\ora92\bin;c:\Program Files\Oracle\jre\1.3.1\bin;c:\Program Files\Oracle\jre\1.1.8\bin;c:\WINDOWS\system32\;c:\WINDOWS\system32\Wbem;c:\ORACLE\ORA92\jre\1.4.2\bin\client;c:\ORACLE\ORA92\jre\1.4.2\bin;C:\Program Files\Windows Imaging\;C:\Program Files\QuickTime\QTSystem\;c:\program files\oxygen xml editor 11\jre\bin
USERNAME=ntra
OS=Windows_NT
PROCESSOR_IDENTIFIER=x86 Family 6 Model 15 Stepping 13, GenuineIntel



---------------  S Y S T E M  ---------------

OS: Windows XP Build 2600 Service Pack 3

CPU:total 2 (2 cores per cpu, 1 threads per core) family 6 model 15 stepping 13, cmov, cx8, fxsr, mmx, sse, sse2, sse3, ssse3

Memory: 4k page, physical 2097151k(1508560k free), swap 4194303k(3876048k free)

vm_info: Java HotSpot(TM) Client VM (14.2-b01) for windows-x86 JRE (1.6.0_16-b01), built on Jul 31 2009 11:26:58 by "java_re" with MS VC++ 7.1

time: Wed Apr 17 14:20:41 2013
elapsed time: 2734 seconds

